#
# A fatal error has been detected by the Java Runtime Environment:
#
#  Internal Error (classFileParser.cpp:3494), pid=4000, tid=2164
#  Error: ShouldNotReachHere()
#
# JRE version: 6.0_45-b06
# Java VM: Java HotSpot(TM) Client VM (20.45-b01 mixed mode windows-x86 )
# If you would like to submit a bug report, please visit:
#   http://java.sun.com/webapps/bugreport/crash.jsp
#

---------------  T H R E A D  ---------------

Current thread (0x00339400):  JavaThread "Unknown thread" [_thread_in_vm, id=2164, stack(0x00350000,0x003a0000)]

Stack: [0x00350000,0x003a0000],  sp=0x0039f870,  free space=318k
Native frames: (J=compiled Java code, j=interpreted, Vv=VM code, C=native code)
V  [jvm.dll+0x13490a]
V  [jvm.dll+0x12f3fb]
V  [jvm.dll+0x1676e]
V  [jvm.dll+0x17faf]
V  [jvm.dll+0x27565]
V  [jvm.dll+0x27da6]
V  [jvm.dll+0x28155]
V  [jvm.dll+0x281e9]
V  [jvm.dll+0x282ac]
V  [jvm.dll+0x2832a]
V  [jvm.dll+0x2840d]
V  [jvm.dll+0x286d9]
V  [jvm.dll+0x6cdd3]
V  [jvm.dll+0x6d1ac]
V  [jvm.dll+0xfa79c]
V  [jvm.dll+0x1190eb]
V  [jvm.dll+0x9f4e0]
C  [javaw.exe+0x1657]
C  [javaw.exe+0x1e2c]
C  [javaw.exe+0x8624]
C  [KERNEL32.DLL+0x1919f]  BaseThreadInitThunk+0xe
C  [ntdll.dll+0x4a22b]  RtlInitializeExceptionChain+0x84
C  [ntdll.dll+0x4a201]  RtlInitializeExceptionChain+0x5a


---------------  P R O C E S S  ---------------

Java Threads: ( => current thread )

Other Threads:

=>0x00339400 (exited) JavaThread "Unknown thread" [_thread_in_vm, id=2164, stack(0x00350000,0x003a0000)]

VM state:not at safepoint (not fully initialized)

VM Mutex/Monitor currently owned by a thread: None

Dynamic libraries:
0x00400000 - 0x00425000 	C:\Program Files (x86)\Java\jre6\bin\javaw.exe
0x77730000 - 0x77898000 	C:\WINDOWS\SYSTEM32\ntdll.dll
0x75780000 - 0x758c0000 	C:\WINDOWS\SYSTEM32\KERNEL32.DLL
0x756b0000 - 0x7577f000 	C:\WINDOWS\SYSTEM32\KERNELBASE.dll
0x71d10000 - 0x71da9000 	C:\WINDOWS\system32\apphelp.dll
0x6ffa0000 - 0x701f9000 	C:\WINDOWS\AppPatch\AcGenral.DLL
0x76fd0000 - 0x7708e000 	C:\WINDOWS\SYSTEM32\msvcrt.dll
0x75910000 - 0x7594e000 	C:\WINDOWS\SYSTEM32\sechost.dll
0x75160000 - 0x7517d000 	C:\WINDOWS\SYSTEM32\SspiCli.dll
0x76ef0000 - 0x76f31000 	C:\WINDOWS\SYSTEM32\SHLWAPI.dll
0x70c50000 - 0x70d2b000 	C:\WINDOWS\SYSTEM32\UxTheme.dll
0x76b10000 - 0x76c5f000 	C:\WINDOWS\SYSTEM32\USER32.dll
0x755a0000 - 0x756a7000 	C:\WINDOWS\SYSTEM32\GDI32.dll
0x74060000 - 0x74080000 	C:\WINDOWS\SYSTEM32\WINMM.dll
0x70ae0000 - 0x70af2000 	C:\WINDOWS\SYSTEM32\samcli.dll
0x774b0000 - 0x775bc000 	C:\WINDOWS\SYSTEM32\ole32.dll
0x77090000 - 0x77117000 	C:\WINDOWS\SYSTEM32\OLEAUT32.dll
0x70970000 - 0x70985000 	C:\WINDOWS\SYSTEM32\MSACM32.dll
0x744f0000 - 0x744f8000 	C:\WINDOWS\SYSTEM32\VERSION.dll
0x75950000 - 0x76b10000 	C:\WINDOWS\SYSTEM32\SHELL32.dll
0x748f0000 - 0x74909000 	C:\WINDOWS\SYSTEM32\USERENV.dll
0x71ab0000 - 0x71ac8000 	C:\WINDOWS\SYSTEM32\dwmapi.dll
0x714a0000 - 0x715c8000 	C:\WINDOWS\SYSTEM32\urlmon.dll
0x75330000 - 0x753a8000 	C:\WINDOWS\SYSTEM32\ADVAPI32.dll
0x70910000 - 0x7096e000 	C:\WINDOWS\SYSTEM32\WINSPOOL.DRV
0x71ad0000 - 0x71ae4000 	C:\WINDOWS\SYSTEM32\MPR.dll
0x77400000 - 0x774b0000 	C:\WINDOWS\SYSTEM32\RPCRT4.dll
0x75150000 - 0x75159000 	C:\WINDOWS\SYSTEM32\CRYPTBASE.dll
0x75420000 - 0x7556e000 	C:\WINDOWS\SYSTEM32\combase.dll
0x72e00000 - 0x72e20000 	C:\WINDOWS\SYSTEM32\WINMMBASE.dll
0x748e0000 - 0x748ee000 	C:\WINDOWS\SYSTEM32\profapi.dll
0x74910000 - 0x74b2a000 	C:\WINDOWS\SYSTEM32\iertutil.dll
0x74b60000 - 0x74d1d000 	C:\WINDOWS\SYSTEM32\WININET.dll
0x750f0000 - 0x75143000 	C:\WINDOWS\SYSTEM32\bcryptPrimitives.dll
0x775d0000 - 0x7760a000 	C:\WINDOWS\SYSTEM32\cfgmgr32.dll
0x72de0000 - 0x72dff000 	C:\WINDOWS\SYSTEM32\DEVOBJ.dll
0x74640000 - 0x746b6000 	C:\WINDOWS\SYSTEM32\SHCORE.DLL
0x75570000 - 0x75595000 	C:\WINDOWS\system32\IMM32.DLL
0x771a0000 - 0x77297000 	C:\WINDOWS\SYSTEM32\MSCTF.dll
0x7c340000 - 0x7c396000 	C:\Program Files (x86)\Java\jre6\bin\msvcr71.dll
0x6d810000 - 0x6dac0000 	C:\Program Files (x86)\Java\jre6\bin\client\jvm.dll
0x6d7c0000 - 0x6d7cc000 	C:\Program Files (x86)\Java\jre6\bin\verify.dll
0x6d330000 - 0x6d34f000 	C:\Program Files (x86)\Java\jre6\bin\java.dll
0x6d800000 - 0x6d80f000 	C:\Program Files (x86)\Java\jre6\bin\zip.dll
0x772a0000 - 0x772a6000 	C:\WINDOWS\system32\PSAPI.DLL

VM Arguments:
jvm_args: -Dfile.encoding=Cp1252 -Xbootclasspath:C:\Users\Alec Anderson\Downloads\adt-bundle-windows-x86_64-20130917\adt-bundle-windows-x86_64-20130917\sdk\platforms\android-18\android.jar 
java_command: com.penguininc.foodatory.orm.DatabaseConfigUtil
Launcher Type: SUN_STANDARD

Environment Variables:
PATH=C:\Program Files (x86)\Intel\iCLS Client\;C:\Program Files\Intel\iCLS Client\;C:\WINDOWS\system32;C:\WINDOWS;C:\WINDOWS\System32\Wbem;C:\WINDOWS\System32\WindowsPowerShell\v1.0\;C:\Program Files\Intel\Intel(R) Management Engine Components\DAL;C:\Program Files\Intel\Intel(R) Management Engine Components\IPT;C:\Program Files (x86)\Intel\Intel(R) Management Engine Components\DAL;C:\Program Files (x86)\Intel\Intel(R) Management Engine Components\IPT;C:\Program Files (x86)\Intel\OpenCL SDK\2.0\bin\x86;C:\Program Files (x86)\Intel\OpenCL SDK\2.0\bin\x64;c:\altera\90sp2\quartus\bin;C:\Program Files (x86)\JOGL 2.0\lib;C:\Program Files (x86)\QuickTime\QTSystem\;C:\Program Files (x86)\Google\google_appengine\
USERNAME=Alec Anderson
OS=Windows_NT
PROCESSOR_IDENTIFIER=Intel64 Family 6 Model 58 Stepping 9, GenuineIntel



---------------  S Y S T E M  ---------------

OS: Windows 8 , 64 bit Build 9200 

CPU:total 4 (2 cores per cpu, 2 threads per core) family 6 model 58 stepping 9, cmov, cx8, fxsr, mmx, sse, sse2, sse3, ssse3, sse4.1, sse4.2, popcnt, ht

Memory: 4k page, physical 4070680k(942304k free), swap 8141360k(2229996k free)

vm_info: Java HotSpot(TM) Client VM (20.45-b01) for windows-x86 JRE (1.6.0_45-b06), built on Mar 26 2013 13:40:03 by "java_re" with MS VC++ 7.1 (VS2003)

time: Sun Aug 24 15:00:54 2014
elapsed time: 0 seconds

